SF:lib\core\networking\common\api_result.dart
DA:6,1
DA:12,0
LF:2
LH:1
end_of_record
SF:lib\features\auth\data\models\request\change_password_request.dart
DA:11,1
DA:14,0
LF:2
LH:1
end_of_record
SF:lib\features\auth\data\models\request\change_password_request.g.dart
DA:11,0
DA:13,0
DA:14,0
DA:15,0
DA:16,0
LF:5
LH:0
end_of_record
SF:lib\features\auth\domain\entities\user.dart
DA:4,1
DA:25,1
DA:26,10
LF:3
LH:3
end_of_record
SF:lib\features\auth\domain\use_cases\change_password_use_case.dart
DA:12,0
DA:14,0
DA:15,0
LF:3
LH:0
end_of_record
SF:lib\features\auth\domain\use_cases\edit_profile_use_case.dart
DA:11,0
DA:13,0
DA:14,0
LF:3
LH:0
end_of_record
SF:lib\features\auth\domain\use_cases\get_profile_data_use_case.dart
DA:11,0
DA:13,0
DA:14,0
LF:3
LH:0
end_of_record
SF:lib\features\auth\presentation\edit_profile\viewModel\edit_profile_state.dart
DA:4,1
DA:8,0
DA:9,0
DA:13,1
DA:15,1
DA:20,0
DA:22,0
DA:24,0
DA:29,1
DA:31,1
DA:33,2
DA:38,1
DA:39,1
DA:41,2
DA:46,1
DA:47,1
DA:49,2
LF:17
LH:12
end_of_record
SF:lib\features\auth\presentation\edit_profile\viewModel\edit_profile_cubit.dart
DA:16,1
DA:20,2
DA:25,1
DA:27,1
DA:28,1
DA:29,1
DA:30,2
DA:31,1
DA:32,2
DA:36,1
DA:37,2
DA:38,2
DA:40,1
DA:41,3
DA:42,0
DA:43,0
DA:47,1
DA:48,2
DA:49,2
DA:51,1
DA:52,3
DA:53,0
DA:54,0
DA:58,1
DA:59,2
DA:60,2
DA:62,1
DA:63,3
DA:64,0
DA:65,0
LF:30
LH:24
end_of_record
SF:lib\features\auth\presentation\edit_profile\viewModel\edit_profile_screen_actions.dart
DA:11,1
DA:15,1
LF:2
LH:2
end_of_record
SF:lib\core\networking\error\ErrorModel.dart
DA:6,0
DA:16,0
DA:17,0
DA:18,0
DA:19,0
DA:20,0
DA:26,0
DA:27,0
DA:28,0
DA:29,0
DA:30,0
LF:11
LH:0
end_of_record
SF:lib\core\networking\error\error_contract.dart
DA:11,0
DA:16,0
LF:2
LH:0
end_of_record
SF:lib\core\networking\error\error_handler.dart
DA:11,0
DA:14,0
DA:15,0
DA:16,0
DA:17,0
DA:18,0
DA:20,0
DA:25,0
DA:27,0
DA:28,0
DA:29,0
DA:30,0
DA:31,0
DA:32,0
DA:33,0
DA:34,0
DA:35,0
DA:36,0
DA:38,0
DA:42,0
DA:44,0
DA:45,0
DA:46,0
DA:47,0
DA:48,0
DA:49,0
DA:50,0
DA:51,0
DA:54,0
DA:55,0
DA:56,0
DA:58,0
LF:32
LH:0
end_of_record
SF:lib\features\auth\data\models\request\ForgetPasswordRequest.dart
DA:2,0
DA:7,0
DA:8,0
DA:9,0
LF:4
LH:0
end_of_record
SF:lib\features\auth\data\models\request\RegisterRequest.dart
DA:4,0
DA:13,0
DA:14,0
DA:15,0
DA:16,0
DA:17,0
DA:18,0
DA:19,0
DA:20,0
DA:30,0
DA:31,0
DA:32,0
DA:33,0
DA:34,0
DA:35,0
DA:36,0
DA:37,0
DA:38,0
LF:18
LH:0
end_of_record
SF:lib\features\auth\data\models\request\ResetPasswordRequest.dart
DA:2,0
DA:6,0
DA:7,0
DA:8,0
DA:13,0
DA:14,0
DA:15,0
DA:16,0
LF:8
LH:0
end_of_record
SF:lib\features\auth\data\models\request\SignInRequest.dart
DA:2,0
DA:8,0
DA:9,0
DA:10,0
DA:11,0
LF:5
LH:0
end_of_record
SF:lib\features\auth\data\models\request\VerifyResetCodeRequest.dart
DA:2,0
DA:5,0
DA:6,0
DA:10,0
DA:11,0
DA:12,0
LF:6
LH:0
end_of_record
SF:lib\features\auth\data\models\response\ForgotPasswordResponse.dart
DA:2,0
DA:6,0
DA:7,0
DA:8,0
DA:13,0
DA:14,0
DA:15,0
DA:16,0
LF:8
LH:0
end_of_record
SF:lib\features\auth\data\models\response\VerifyResetCodeResponse.dart
DA:2,0
DA:5,0
DA:6,0
DA:10,0
DA:11,0
DA:12,0
LF:6
LH:0
end_of_record
SF:lib\features\auth\data\models\response\auth_response_model.dart
DA:11,0
DA:13,0
DA:14,0
DA:32,0
DA:44,0
DA:45,0
LF:6
LH:0
end_of_record
SF:lib\features\auth\data\models\response\auth_response_model.g.dart
DA:9,0
DA:10,0
DA:11,0
DA:12,0
DA:14,0
DA:17,0
DA:18,0
DA:19,0
DA:20,0
DA:21,0
DA:24,0
DA:25,0
DA:26,0
DA:27,0
DA:28,0
DA:29,0
DA:30,0
DA:31,0
DA:32,0
DA:33,0
DA:36,0
DA:37,0
DA:38,0
DA:39,0
DA:40,0
DA:41,0
DA:42,0
DA:43,0
DA:44,0
DA:45,0
LF:30
LH:0
end_of_record
