SF:lib\core\networking\api\api_manager.g.dart
DA:12,0
DA:17,0
DA:26,0
DA:29,0
DA:30,0
DA:31,0
DA:32,0
DA:33,0
DA:34,0
DA:39,0
DA:40,0
DA:45,0
DA:46,0
DA:47,0
DA:48,0
DA:50,0
DA:53,0
DA:55,0
DA:61,0
DA:64,0
DA:65,0
DA:66,0
DA:67,0
DA:68,0
DA:69,0
DA:74,0
DA:75,0
DA:80,0
DA:81,0
DA:82,0
DA:83,0
DA:85,0
DA:88,0
DA:90,0
DA:96,0
DA:98,0
DA:99,0
DA:100,0
DA:101,0
DA:102,0
DA:103,0
DA:108,0
DA:109,0
DA:114,0
DA:115,0
DA:116,0
DA:117,0
DA:119,0
DA:122,0
DA:124,0
DA:130,0
DA:132,0
DA:133,0
DA:134,0
DA:135,0
DA:136,0
DA:137,0
DA:142,0
DA:143,0
DA:148,0
DA:149,0
DA:150,0
DA:151,0
DA:153,0
DA:156,0
DA:158,0
DA:164,0
DA:166,0
DA:167,0
DA:168,0
DA:169,0
DA:170,0
DA:171,0
DA:176,0
DA:177,0
DA:182,0
DA:183,0
DA:184,0
DA:185,0
DA:187,0
DA:190,0
DA:192,0
DA:198,0
DA:200,0
DA:201,0
DA:202,0
DA:204,0
DA:209,0
DA:210,0
DA:215,0
DA:216,0
DA:217,0
DA:218,0
DA:220,0
DA:223,0
DA:225,0
DA:231,0
DA:233,0
DA:234,0
DA:235,0
DA:237,0
DA:242,0
DA:243,0
DA:248,0
DA:249,0
DA:250,0
DA:251,0
DA:253,0
DA:256,0
DA:258,0
DA:264,0
DA:266,0
DA:267,0
DA:268,0
DA:270,0
DA:275,0
DA:276,0
DA:281,0
DA:282,0
DA:283,0
DA:284,0
DA:286,0
DA:289,0
DA:291,0
DA:297,0
DA:299,0
DA:300,0
DA:301,0
DA:303,0
DA:308,0
DA:309,0
DA:314,0
DA:315,0
DA:316,0
DA:317,0
DA:319,0
DA:322,0
DA:324,0
DA:330,0
DA:332,0
DA:333,0
DA:334,0
DA:336,0
DA:341,0
DA:342,0
DA:347,0
DA:348,0
DA:349,0
DA:350,0
DA:352,0
DA:355,0
DA:357,0
DA:363,0
DA:365,0
DA:366,0
DA:367,0
DA:368,0
DA:369,0
DA:370,0
DA:375,0
DA:376,0
DA:381,0
DA:382,0
DA:383,0
DA:384,0
DA:386,0
DA:389,0
DA:391,0
DA:397,0
DA:398,0
DA:399,0
DA:400,0
DA:401,0
DA:402,0
DA:404,0
DA:410,0
DA:414,0
DA:418,0
DA:420,0
DA:421,0
DA:424,0
LF:181
LH:0
end_of_record
SF:lib\core\networking\common\api_result.dart
DA:6,1
DA:12,0
LF:2
LH:1
end_of_record
SF:lib\features\auth\data\data_sources\auth_online_datasource_impl.dart
DA:22,1
DA:24,0
DA:26,0
DA:27,0
DA:31,0
DA:33,0
DA:34,0
DA:38,0
DA:40,0
DA:41,0
DA:45,0
DA:47,0
DA:48,0
DA:49,0
DA:53,0
DA:55,0
DA:56,0
DA:57,0
DA:61,1
DA:63,2
DA:64,2
DA:65,1
DA:69,1
DA:71,2
DA:72,2
DA:73,1
DA:77,1
DA:79,2
DA:80,2
DA:81,1
LF:30
LH:13
end_of_record
SF:lib\features\auth\data\mappers\auth_mappers.dart
DA:5,1
DA:6,1
DA:7,0
DA:17,1
DA:18,2
DA:19,2
DA:20,2
DA:21,2
DA:22,2
DA:23,2
DA:24,2
DA:25,2
DA:26,1
LF:13
LH:12
end_of_record
SF:lib\features\auth\data\models\request\change_password_request.dart
DA:11,1
DA:14,0
LF:2
LH:1
end_of_record
SF:lib\features\auth\data\models\request\change_password_request.g.dart
DA:11,0
DA:13,0
DA:14,0
DA:15,0
DA:16,0
LF:5
LH:0
end_of_record
SF:lib\features\auth\data\models\response\auth_response_model.dart
DA:11,1
DA:13,0
DA:14,0
DA:32,1
DA:44,0
DA:45,0
LF:6
LH:2
end_of_record
SF:lib\features\auth\data\models\response\auth_response_model.g.dart
DA:9,0
DA:10,0
DA:11,0
DA:12,0
DA:14,0
DA:17,0
DA:18,0
DA:19,0
DA:20,0
DA:21,0
DA:24,0
DA:25,0
DA:26,0
DA:27,0
DA:28,0
DA:29,0
DA:30,0
DA:31,0
DA:32,0
DA:33,0
DA:36,0
DA:37,0
DA:38,0
DA:39,0
DA:40,0
DA:41,0
DA:42,0
DA:43,0
DA:44,0
DA:45,0
LF:30
LH:0
end_of_record
SF:lib\features\auth\domain\entities\user.dart
DA:4,1
DA:25,0
DA:26,0
LF:3
LH:1
end_of_record
SF:lib\features\auth\data\models\request\ForgetPasswordRequest.dart
DA:2,0
DA:7,0
DA:8,0
DA:9,0
LF:4
LH:0
end_of_record
SF:lib\features\auth\data\models\request\RegisterRequest.dart
DA:4,0
DA:13,0
DA:14,0
DA:15,0
DA:16,0
DA:17,0
DA:18,0
DA:19,0
DA:20,0
DA:30,0
DA:31,0
DA:32,0
DA:33,0
DA:34,0
DA:35,0
DA:36,0
DA:37,0
DA:38,0
LF:18
LH:0
end_of_record
SF:lib\features\auth\data\models\request\ResetPasswordRequest.dart
DA:2,0
DA:6,0
DA:7,0
DA:8,0
DA:13,0
DA:14,0
DA:15,0
DA:16,0
LF:8
LH:0
end_of_record
SF:lib\features\auth\data\models\request\SignInRequest.dart
DA:2,0
DA:8,0
DA:9,0
DA:10,0
DA:11,0
LF:5
LH:0
end_of_record
SF:lib\features\auth\data\models\request\VerifyResetCodeRequest.dart
DA:2,0
DA:5,0
DA:6,0
DA:10,0
DA:11,0
DA:12,0
LF:6
LH:0
end_of_record
SF:lib\features\auth\data\models\response\ForgotPasswordResponse.dart
DA:2,0
DA:6,0
DA:7,0
DA:8,0
DA:13,0
DA:14,0
DA:15,0
DA:16,0
LF:8
LH:0
end_of_record
SF:lib\features\auth\data\models\response\VerifyResetCodeResponse.dart
DA:2,0
DA:5,0
DA:6,0
DA:10,0
DA:11,0
DA:12,0
LF:6
LH:0
end_of_record
SF:lib\features\exam\data\models\response\exam_response_model.dart
DA:11,0
DA:13,0
DA:14,0
DA:24,0
DA:26,0
DA:27,0
DA:41,0
DA:44,0
DA:45,0
LF:9
LH:0
end_of_record
SF:lib\features\exam\data\models\response\exam_response_model.g.dart
DA:9,0
DA:10,0
DA:11,0
DA:12,0
DA:14,0
DA:15,0
DA:16,0
DA:17,0
DA:18,0
DA:21,0
DA:22,0
DA:23,0
DA:24,0
DA:25,0
DA:28,0
DA:29,0
DA:30,0
DA:31,0
DA:32,0
DA:35,0
DA:36,0
DA:37,0
DA:38,0
DA:39,0
DA:42,0
DA:43,0
DA:44,0
DA:45,0
DA:46,0
DA:47,0
DA:48,0
DA:49,0
DA:52,0
DA:53,0
DA:54,0
DA:55,0
DA:56,0
DA:57,0
DA:58,0
DA:59,0
LF:40
LH:0
end_of_record
SF:lib\features\questions\data\models\question_response_model.dart
DA:10,0
DA:12,0
DA:13,0
DA:29,0
DA:32,0
DA:33,0
DA:42,0
DA:44,0
DA:46,0
DA:58,0
DA:61,0
DA:63,0
DA:79,0
DA:82,0
DA:84,0
LF:15
LH:0
end_of_record
SF:lib\features\questions\data\models\question_response_model.g.dart
DA:9,0
DA:11,0
DA:12,0
DA:13,0
DA:14,0
DA:16,0
DA:17,0
DA:21,0
DA:22,0
DA:23,0
DA:24,0
DA:26,0
DA:27,0
DA:28,0
DA:29,0
DA:30,0
DA:31,0
DA:32,0
DA:34,0
DA:35,0
DA:37,0
DA:38,0
DA:42,0
DA:43,0
DA:44,0
DA:48,0
DA:49,0
DA:50,0
DA:51,0
DA:52,0
DA:56,0
DA:57,0
DA:58,0
DA:59,0
DA:60,0
DA:61,0
DA:62,0
DA:63,0
LF:38
LH:0
end_of_record
SF:lib\features\survey\data\models\subject_response_model.dart
DA:11,0
DA:13,0
DA:14,0
DA:16,0
DA:25,0
DA:28,0
DA:29,0
DA:41,0
DA:43,0
DA:44,0
LF:10
LH:0
end_of_record
SF:lib\features\survey\data\models\subject_response_model.g.dart
DA:9,0
DA:11,0
DA:12,0
DA:13,0
DA:15,0
DA:16,0
DA:17,0
DA:19,0
DA:20,0
DA:23,0
DA:25,0
DA:26,0
DA:27,0
DA:28,0
DA:31,0
DA:32,0
DA:33,0
DA:34,0
DA:35,0
DA:38,0
DA:39,0
DA:40,0
DA:41,0
DA:42,0
DA:45,0
DA:46,0
DA:47,0
DA:48,0
DA:49,0
DA:52,0
DA:53,0
DA:54,0
DA:55,0
DA:56,0
DA:57,0
LF:35
LH:0
end_of_record
SF:lib\core\networking\api_execute.dart
DA:6,1
DA:8,1
DA:9,1
DA:10,0
DA:11,0
LF:5
LH:3
end_of_record
